{"/Users/apple/Documents/projects/TESTS/drive-loh/src/app.ts": {"path":"/Users/apple/Documents/projects/TESTS/drive-loh/src/app.ts","statementMap":{"0":{"start":{"line":1,"column":0},"end":{"line":1,"column":30}},"1":{"start":{"line":2,"column":0},"end":{"line":2,"column":24}},"2":{"start":{"line":3,"column":0},"end":{"line":3,"column":28}},"3":{"start":{"line":4,"column":0},"end":{"line":4,"column":52}},"4":{"start":{"line":5,"column":0},"end":{"line":5,"column":56}},"5":{"start":{"line":6,"column":0},"end":{"line":6,"column":48}},"6":{"start":{"line":7,"column":0},"end":{"line":7,"column":41}},"7":{"start":{"line":9,"column":0},"end":{"line":9,"column":43}},"8":{"start":{"line":11,"column":0},"end":{"line":11,"column":16}},"9":{"start":{"line":13,"column":12},"end":{"line":13,"column":21}},"10":{"start":{"line":14,"column":13},"end":{"line":14,"column":37}},"11":{"start":{"line":17,"column":16},"end":{"line":22,"column":2}},"12":{"start":{"line":24,"column":0},"end":{"line":24,"column":17}},"13":{"start":{"line":25,"column":0},"end":{"line":25,"column":16}},"14":{"start":{"line":26,"column":0},"end":{"line":26,"column":24}},"15":{"start":{"line":29,"column":0},"end":{"line":29,"column":18}},"16":{"start":{"line":32,"column":0},"end":{"line":32,"column":40}},"17":{"start":{"line":33,"column":0},"end":{"line":33,"column":44}},"18":{"start":{"line":34,"column":0},"end":{"line":34,"column":36}},"19":{"start":{"line":37,"column":0},"end":{"line":44,"column":3}},"20":{"start":{"line":38,"column":4},"end":{"line":43,"column":7}},"21":{"start":{"line":46,"column":0},"end":{"line":52,"column":3}},"22":{"start":{"line":47,"column":4},"end":{"line":51,"column":7}},"23":{"start":{"line":54,"column":0},"end":{"line":57,"column":3}},"24":{"start":{"line":55,"column":4},"end":{"line":55,"column":53}},"25":{"start":{"line":56,"column":4},"end":{"line":56,"column":84}},"26":{"start":{"line":59,"column":0},"end":{"line":59,"column":19}}},"fnMap":{"0":{"name":"(anonymous_1)","decl":{"start":{"line":37,"column":19},"end":{"line":37,"column":20}},"loc":{"start":{"line":37,"column":32},"end":{"line":44,"column":1}}},"1":{"name":"(anonymous_2)","decl":{"start":{"line":46,"column":13},"end":{"line":46,"column":14}},"loc":{"start":{"line":46,"column":26},"end":{"line":52,"column":1}}},"2":{"name":"(anonymous_3)","decl":{"start":{"line":54,"column":17},"end":{"line":54,"column":20}},"loc":{"start":{"line":54,"column":22},"end":{"line":57,"column":1}}}},"branchMap":{"0":{"loc":{"start":{"line":14,"column":13},"end":{"line":14,"column":37}},"type":"binary-expr","locations":[{"start":{"line":14,"column":13},"end":{"line":14,"column":29}},{"start":{"line":14,"column":33},"end":{"line":14,"column":37}}]},"1":{"loc":{"start":{"line":42,"column":21},"end":{"line":42,"column":58}},"type":"binary-expr","locations":[{"start":{"line":42,"column":21},"end":{"line":42,"column":41}},{"start":{"line":42,"column":45},"end":{"line":42,"column":58}}]}},"s":{"0":1,"1":1,"2":1,"3":1,"4":1,"5":1,"6":1,"7":1,"8":1,"9":1,"10":1,"11":1,"12":1,"13":1,"14":1,"15":1,"16":1,"17":1,"18":1,"19":1,"20":1,"21":1,"22":1,"23":1,"24":1,"25":1,"26":1},"f":{"0":1,"1":1,"2":1},"b":{"0":[1,0],"1":[1,0]}}
,"/Users/apple/Documents/projects/TESTS/drive-loh/src/prisma.ts": {"path":"/Users/apple/Documents/projects/TESTS/drive-loh/src/prisma.ts","statementMap":{"0":{"start":{"line":1,"column":0},"end":{"line":1,"column":46}},"1":{"start":{"line":3,"column":15},"end":{"line":3,"column":33}},"2":{"start":{"line":5,"column":0},"end":{"line":5,"column":22}}},"fnMap":{},"branchMap":{},"s":{"0":1,"1":1,"2":1},"f":{},"b":{}}
,"/Users/apple/Documents/projects/TESTS/drive-loh/src/swagger.ts": {"path":"/Users/apple/Documents/projects/TESTS/drive-loh/src/swagger.ts","statementMap":{"0":{"start":{"line":1,"column":0},"end":{"line":1,"column":41}},"1":{"start":{"line":2,"column":0},"end":{"line":2,"column":43}},"2":{"start":{"line":5,"column":16},"end":{"line":85,"column":2}},"3":{"start":{"line":87,"column":20},"end":{"line":87,"column":41}},"4":{"start":{"line":89,"column":28},"end":{"line":95,"column":1}},"5":{"start":{"line":90,"column":4},"end":{"line":90,"column":72}},"6":{"start":{"line":91,"column":4},"end":{"line":94,"column":7}},"7":{"start":{"line":92,"column":8},"end":{"line":92,"column":58}},"8":{"start":{"line":93,"column":8},"end":{"line":93,"column":30}},"9":{"start":{"line":89,"column":13},"end":{"line":89,"column":28}}},"fnMap":{"0":{"name":"(anonymous_1)","decl":{"start":{"line":89,"column":28},"end":{"line":89,"column":29}},"loc":{"start":{"line":89,"column":45},"end":{"line":95,"column":1}}},"1":{"name":"(anonymous_2)","decl":{"start":{"line":91,"column":30},"end":{"line":91,"column":31}},"loc":{"start":{"line":91,"column":43},"end":{"line":94,"column":5}}}},"branchMap":{},"s":{"0":1,"1":1,"2":1,"3":1,"4":1,"5":1,"6":1,"7":0,"8":0,"9":1},"f":{"0":1,"1":0},"b":{}}
,"/Users/apple/Documents/projects/TESTS/drive-loh/src/controllers/order.controller.ts": {"path":"/Users/apple/Documents/projects/TESTS/drive-loh/src/controllers/order.controller.ts","statementMap":{"0":{"start":{"line":2,"column":0},"end":{"line":2,"column":31}},"1":{"start":{"line":3,"column":0},"end":{"line":3,"column":98}},"2":{"start":{"line":5,"column":27},"end":{"line":62,"column":2}},"3":{"start":{"line":5,"column":65},"end":{"line":62,"column":2}},"4":{"start":{"line":6,"column":4},"end":{"line":61,"column":5}},"5":{"start":{"line":7,"column":54},"end":{"line":7,"column":62}},"6":{"start":{"line":10,"column":8},"end":{"line":12,"column":9}},"7":{"start":{"line":11,"column":12},"end":{"line":11,"column":94}},"8":{"start":{"line":14,"column":28},"end":{"line":14,"column":89}},"9":{"start":{"line":14,"column":69},"end":{"line":14,"column":85}},"10":{"start":{"line":15,"column":30},"end":{"line":15,"column":31}},"11":{"start":{"line":16,"column":26},"end":{"line":16,"column":37}},"12":{"start":{"line":17,"column":24},"end":{"line":17,"column":28}},"13":{"start":{"line":18,"column":26},"end":{"line":18,"column":30}},"14":{"start":{"line":20,"column":8},"end":{"line":22,"column":9}},"15":{"start":{"line":21,"column":12},"end":{"line":21,"column":94}},"16":{"start":{"line":24,"column":8},"end":{"line":32,"column":9}},"17":{"start":{"line":25,"column":27},"end":{"line":25,"column":82}},"18":{"start":{"line":26,"column":12},"end":{"line":26,"column":46}},"19":{"start":{"line":27,"column":12},"end":{"line":27,"column":41}},"20":{"start":{"line":28,"column":15},"end":{"line":32,"column":9}},"21":{"start":{"line":29,"column":27},"end":{"line":29,"column":80}},"22":{"start":{"line":30,"column":12},"end":{"line":30,"column":46}},"23":{"start":{"line":31,"column":12},"end":{"line":31,"column":45}},"24":{"start":{"line":34,"column":8},"end":{"line":34,"column":52}},"25":{"start":{"line":35,"column":8},"end":{"line":35,"column":45}},"26":{"start":{"line":35,"column":29},"end":{"line":35,"column":45}},"27":{"start":{"line":38,"column":22},"end":{"line":47,"column":10}},"28":{"start":{"line":50,"column":8},"end":{"line":52,"column":9}},"29":{"start":{"line":51,"column":12},"end":{"line":51,"column":109}},"30":{"start":{"line":53,"column":8},"end":{"line":55,"column":9}},"31":{"start":{"line":54,"column":12},"end":{"line":54,"column":113}},"32":{"start":{"line":57,"column":8},"end":{"line":57,"column":36}},"33":{"start":{"line":60,"column":8},"end":{"line":60,"column":55}},"34":{"start":{"line":5,"column":13},"end":{"line":5,"column":27}}},"fnMap":{"0":{"name":"(anonymous_8)","decl":{"start":{"line":5,"column":27},"end":{"line":5,"column":34}},"loc":{"start":{"line":5,"column":65},"end":{"line":62,"column":2}}},"1":{"name":"(anonymous_9)","decl":{"start":{"line":5,"column":65},"end":{"line":5,"column":null}},"loc":{"start":{"line":5,"column":65},"end":{"line":62,"column":1}}},"2":{"name":"(anonymous_10)","decl":{"start":{"line":14,"column":41},"end":{"line":14,"column":42}},"loc":{"start":{"line":14,"column":69},"end":{"line":14,"column":85}}}},"branchMap":{"0":{"loc":{"start":{"line":10,"column":8},"end":{"line":12,"column":9}},"type":"if","locations":[{"start":{"line":10,"column":8},"end":{"line":12,"column":9}},{"start":{},"end":{}}]},"1":{"loc":{"start":{"line":10,"column":12},"end":{"line":10,"column":65}},"type":"binary-expr","locations":[{"start":{"line":10,"column":12},"end":{"line":10,"column":18}},{"start":{"line":10,"column":22},"end":{"line":10,"column":43}},{"start":{"line":10,"column":47},"end":{"line":10,"column":65}}]},"2":{"loc":{"start":{"line":20,"column":8},"end":{"line":22,"column":9}},"type":"if","locations":[{"start":{"line":20,"column":8},"end":{"line":22,"column":9}},{"start":{},"end":{}}]},"3":{"loc":{"start":{"line":20,"column":12},"end":{"line":20,"column":40}},"type":"binary-expr","locations":[{"start":{"line":20,"column":12},"end":{"line":20,"column":23}},{"start":{"line":20,"column":27},"end":{"line":20,"column":40}}]},"4":{"loc":{"start":{"line":24,"column":8},"end":{"line":32,"column":9}},"type":"if","locations":[{"start":{"line":24,"column":8},"end":{"line":32,"column":9}},{"start":{"line":28,"column":15},"end":{"line":32,"column":9}}]},"5":{"loc":{"start":{"line":28,"column":15},"end":{"line":32,"column":9}},"type":"if","locations":[{"start":{"line":28,"column":15},"end":{"line":32,"column":9}},{"start":{},"end":{}}]},"6":{"loc":{"start":{"line":35,"column":8},"end":{"line":35,"column":45}},"type":"if","locations":[{"start":{"line":35,"column":8},"end":{"line":35,"column":45}},{"start":{},"end":{}}]},"7":{"loc":{"start":{"line":50,"column":8},"end":{"line":52,"column":9}},"type":"if","locations":[{"start":{"line":50,"column":8},"end":{"line":52,"column":9}},{"start":{},"end":{}}]},"8":{"loc":{"start":{"line":53,"column":8},"end":{"line":55,"column":9}},"type":"if","locations":[{"start":{"line":53,"column":8},"end":{"line":55,"column":9}},{"start":{},"end":{}}]}},"s":{"0":1,"1":1,"2":1,"3":3,"4":3,"5":3,"6":3,"7":0,"8":3,"9":3,"10":3,"11":3,"12":3,"13":3,"14":3,"15":1,"16":2,"17":2,"18":1,"19":1,"20":0,"21":0,"22":0,"23":0,"24":1,"25":1,"26":0,"27":1,"28":1,"29":1,"30":1,"31":0,"32":1,"33":1,"34":1},"f":{"0":3,"1":3,"2":3},"b":{"0":[0,3],"1":[3,3,3],"2":[1,2],"3":[3,3],"4":[2,0],"5":[0,0],"6":[0,1],"7":[1,0],"8":[0,1]}}
,"/Users/apple/Documents/projects/TESTS/drive-loh/src/controllers/promotion.controller.ts": {"path":"/Users/apple/Documents/projects/TESTS/drive-loh/src/controllers/promotion.controller.ts","statementMap":{"0":{"start":{"line":2,"column":0},"end":{"line":2,"column":31}},"1":{"start":{"line":5,"column":31},"end":{"line":26,"column":2}},"2":{"start":{"line":5,"column":69},"end":{"line":26,"column":2}},"3":{"start":{"line":6,"column":4},"end":{"line":25,"column":5}},"4":{"start":{"line":7,"column":102},"end":{"line":7,"column":110}},"5":{"start":{"line":9,"column":26},"end":{"line":18,"column":10}},"6":{"start":{"line":19,"column":8},"end":{"line":19,"column":109}},"7":{"start":{"line":21,"column":8},"end":{"line":23,"column":9}},"8":{"start":{"line":22,"column":12},"end":{"line":22,"column":131}},"9":{"start":{"line":24,"column":8},"end":{"line":24,"column":94}},"10":{"start":{"line":5,"column":13},"end":{"line":5,"column":31}},"11":{"start":{"line":28,"column":29},"end":{"line":39,"column":2}},"12":{"start":{"line":28,"column":67},"end":{"line":39,"column":2}},"13":{"start":{"line":29,"column":4},"end":{"line":38,"column":5}},"14":{"start":{"line":30,"column":27},"end":{"line":30,"column":60}},"15":{"start":{"line":31,"column":33},"end":{"line":34,"column":11}},"16":{"start":{"line":31,"column":66},"end":{"line":33,"column":null}},"17":{"start":{"line":35,"column":8},"end":{"line":35,"column":35}},"18":{"start":{"line":37,"column":8},"end":{"line":37,"column":94}},"19":{"start":{"line":28,"column":13},"end":{"line":28,"column":29}},"20":{"start":{"line":41,"column":31},"end":{"line":59,"column":2}},"21":{"start":{"line":41,"column":69},"end":{"line":59,"column":2}},"22":{"start":{"line":42,"column":4},"end":{"line":58,"column":5}},"23":{"start":{"line":43,"column":23},"end":{"line":43,"column":33}},"24":{"start":{"line":44,"column":21},"end":{"line":44,"column":29}},"25":{"start":{"line":45,"column":8},"end":{"line":47,"column":9}},"26":{"start":{"line":46,"column":12},"end":{"line":46,"column":64}},"27":{"start":{"line":48,"column":8},"end":{"line":50,"column":9}},"28":{"start":{"line":49,"column":12},"end":{"line":49,"column":78}},"29":{"start":{"line":51,"column":26},"end":{"line":54,"column":10}},"30":{"start":{"line":55,"column":8},"end":{"line":55,"column":97}},"31":{"start":{"line":57,"column":8},"end":{"line":57,"column":94}},"32":{"start":{"line":41,"column":13},"end":{"line":41,"column":31}},"33":{"start":{"line":61,"column":31},"end":{"line":71,"column":2}},"34":{"start":{"line":61,"column":69},"end":{"line":71,"column":2}},"35":{"start":{"line":62,"column":4},"end":{"line":70,"column":5}},"36":{"start":{"line":63,"column":23},"end":{"line":63,"column":33}},"37":{"start":{"line":64,"column":8},"end":{"line":66,"column":11}},"38":{"start":{"line":67,"column":8},"end":{"line":67,"column":31}},"39":{"start":{"line":69,"column":8},"end":{"line":69,"column":94}},"40":{"start":{"line":61,"column":13},"end":{"line":61,"column":31}}},"fnMap":{"0":{"name":"(anonymous_8)","decl":{"start":{"line":5,"column":31},"end":{"line":5,"column":38}},"loc":{"start":{"line":5,"column":69},"end":{"line":26,"column":2}}},"1":{"name":"(anonymous_9)","decl":{"start":{"line":5,"column":69},"end":{"line":5,"column":null}},"loc":{"start":{"line":5,"column":69},"end":{"line":26,"column":1}}},"2":{"name":"(anonymous_10)","decl":{"start":{"line":28,"column":29},"end":{"line":28,"column":36}},"loc":{"start":{"line":28,"column":67},"end":{"line":39,"column":2}}},"3":{"name":"(anonymous_11)","decl":{"start":{"line":28,"column":67},"end":{"line":28,"column":null}},"loc":{"start":{"line":28,"column":67},"end":{"line":39,"column":1}}},"4":{"name":"(anonymous_12)","decl":{"start":{"line":31,"column":48},"end":{"line":31,"column":49}},"loc":{"start":{"line":31,"column":66},"end":{"line":33,"column":null}}},"5":{"name":"(anonymous_13)","decl":{"start":{"line":41,"column":31},"end":{"line":41,"column":38}},"loc":{"start":{"line":41,"column":69},"end":{"line":59,"column":2}}},"6":{"name":"(anonymous_14)","decl":{"start":{"line":41,"column":69},"end":{"line":41,"column":null}},"loc":{"start":{"line":41,"column":69},"end":{"line":59,"column":1}}},"7":{"name":"(anonymous_15)","decl":{"start":{"line":61,"column":31},"end":{"line":61,"column":38}},"loc":{"start":{"line":61,"column":69},"end":{"line":71,"column":2}}},"8":{"name":"(anonymous_16)","decl":{"start":{"line":61,"column":69},"end":{"line":61,"column":null}},"loc":{"start":{"line":61,"column":69},"end":{"line":71,"column":1}}}},"branchMap":{"0":{"loc":{"start":{"line":21,"column":8},"end":{"line":23,"column":9}},"type":"if","locations":[{"start":{"line":21,"column":8},"end":{"line":23,"column":9}},{"start":{},"end":{}}]},"1":{"loc":{"start":{"line":45,"column":8},"end":{"line":47,"column":9}},"type":"if","locations":[{"start":{"line":45,"column":8},"end":{"line":47,"column":9}},{"start":{},"end":{}}]},"2":{"loc":{"start":{"line":48,"column":8},"end":{"line":50,"column":9}},"type":"if","locations":[{"start":{"line":48,"column":8},"end":{"line":50,"column":9}},{"start":{},"end":{}}]}},"s":{"0":1,"1":1,"2":1,"3":1,"4":1,"5":1,"6":1,"7":0,"8":0,"9":0,"10":1,"11":1,"12":1,"13":1,"14":1,"15":1,"16":3,"17":1,"18":0,"19":1,"20":1,"21":0,"22":0,"23":0,"24":0,"25":0,"26":0,"27":0,"28":0,"29":0,"30":0,"31":0,"32":1,"33":1,"34":0,"35":0,"36":0,"37":0,"38":0,"39":0,"40":1},"f":{"0":1,"1":1,"2":1,"3":1,"4":3,"5":0,"6":0,"7":0,"8":0},"b":{"0":[0,0],"1":[0,0],"2":[0,0]}}
,"/Users/apple/Documents/projects/TESTS/drive-loh/src/controllers/voucher.controller.ts": {"path":"/Users/apple/Documents/projects/TESTS/drive-loh/src/controllers/voucher.controller.ts","statementMap":{"0":{"start":{"line":2,"column":0},"end":{"line":2,"column":31}},"1":{"start":{"line":4,"column":29},"end":{"line":24,"column":2}},"2":{"start":{"line":4,"column":67},"end":{"line":24,"column":2}},"3":{"start":{"line":5,"column":4},"end":{"line":23,"column":5}},"4":{"start":{"line":6,"column":97},"end":{"line":6,"column":105}},"5":{"start":{"line":7,"column":24},"end":{"line":16,"column":10}},"6":{"start":{"line":17,"column":8},"end":{"line":17,"column":38}},"7":{"start":{"line":19,"column":8},"end":{"line":21,"column":9}},"8":{"start":{"line":20,"column":12},"end":{"line":20,"column":127}},"9":{"start":{"line":22,"column":8},"end":{"line":22,"column":92}},"10":{"start":{"line":4,"column":13},"end":{"line":4,"column":29}},"11":{"start":{"line":26,"column":27},"end":{"line":33,"column":2}},"12":{"start":{"line":26,"column":65},"end":{"line":33,"column":2}},"13":{"start":{"line":27,"column":4},"end":{"line":32,"column":5}},"14":{"start":{"line":28,"column":25},"end":{"line":28,"column":56}},"15":{"start":{"line":29,"column":8},"end":{"line":29,"column":27}},"16":{"start":{"line":31,"column":8},"end":{"line":31,"column":92}},"17":{"start":{"line":26,"column":13},"end":{"line":26,"column":27}},"18":{"start":{"line":35,"column":29},"end":{"line":50,"column":2}},"19":{"start":{"line":35,"column":67},"end":{"line":50,"column":2}},"20":{"start":{"line":36,"column":4},"end":{"line":49,"column":5}},"21":{"start":{"line":37,"column":23},"end":{"line":37,"column":33}},"22":{"start":{"line":38,"column":21},"end":{"line":38,"column":29}},"23":{"start":{"line":39,"column":8},"end":{"line":41,"column":9}},"24":{"start":{"line":40,"column":12},"end":{"line":40,"column":64}},"25":{"start":{"line":42,"column":24},"end":{"line":45,"column":10}},"26":{"start":{"line":46,"column":8},"end":{"line":46,"column":26}},"27":{"start":{"line":48,"column":8},"end":{"line":48,"column":92}},"28":{"start":{"line":35,"column":13},"end":{"line":35,"column":29}},"29":{"start":{"line":52,"column":29},"end":{"line":62,"column":2}},"30":{"start":{"line":52,"column":67},"end":{"line":62,"column":2}},"31":{"start":{"line":53,"column":4},"end":{"line":61,"column":5}},"32":{"start":{"line":54,"column":23},"end":{"line":54,"column":33}},"33":{"start":{"line":55,"column":8},"end":{"line":57,"column":11}},"34":{"start":{"line":58,"column":8},"end":{"line":58,"column":31}},"35":{"start":{"line":60,"column":8},"end":{"line":60,"column":92}},"36":{"start":{"line":52,"column":13},"end":{"line":52,"column":29}}},"fnMap":{"0":{"name":"(anonymous_8)","decl":{"start":{"line":4,"column":29},"end":{"line":4,"column":36}},"loc":{"start":{"line":4,"column":67},"end":{"line":24,"column":2}}},"1":{"name":"(anonymous_9)","decl":{"start":{"line":4,"column":67},"end":{"line":4,"column":null}},"loc":{"start":{"line":4,"column":67},"end":{"line":24,"column":1}}},"2":{"name":"(anonymous_10)","decl":{"start":{"line":26,"column":27},"end":{"line":26,"column":34}},"loc":{"start":{"line":26,"column":65},"end":{"line":33,"column":2}}},"3":{"name":"(anonymous_11)","decl":{"start":{"line":26,"column":65},"end":{"line":26,"column":null}},"loc":{"start":{"line":26,"column":65},"end":{"line":33,"column":1}}},"4":{"name":"(anonymous_12)","decl":{"start":{"line":35,"column":29},"end":{"line":35,"column":36}},"loc":{"start":{"line":35,"column":67},"end":{"line":50,"column":2}}},"5":{"name":"(anonymous_13)","decl":{"start":{"line":35,"column":67},"end":{"line":35,"column":null}},"loc":{"start":{"line":35,"column":67},"end":{"line":50,"column":1}}},"6":{"name":"(anonymous_14)","decl":{"start":{"line":52,"column":29},"end":{"line":52,"column":36}},"loc":{"start":{"line":52,"column":67},"end":{"line":62,"column":2}}},"7":{"name":"(anonymous_15)","decl":{"start":{"line":52,"column":67},"end":{"line":52,"column":null}},"loc":{"start":{"line":52,"column":67},"end":{"line":62,"column":1}}}},"branchMap":{"0":{"loc":{"start":{"line":19,"column":8},"end":{"line":21,"column":9}},"type":"if","locations":[{"start":{"line":19,"column":8},"end":{"line":21,"column":9}},{"start":{},"end":{}}]},"1":{"loc":{"start":{"line":39,"column":8},"end":{"line":41,"column":9}},"type":"if","locations":[{"start":{"line":39,"column":8},"end":{"line":41,"column":9}},{"start":{},"end":{}}]}},"s":{"0":1,"1":1,"2":4,"3":4,"4":4,"5":4,"6":2,"7":2,"8":2,"9":0,"10":1,"11":1,"12":1,"13":1,"14":1,"15":1,"16":0,"17":1,"18":1,"19":0,"20":0,"21":0,"22":0,"23":0,"24":0,"25":0,"26":0,"27":0,"28":1,"29":1,"30":0,"31":0,"32":0,"33":0,"34":0,"35":0,"36":1},"f":{"0":4,"1":4,"2":1,"3":1,"4":0,"5":0,"6":0,"7":0},"b":{"0":[2,0],"1":[0,0]}}
,"/Users/apple/Documents/projects/TESTS/drive-loh/src/middleware/validate.ts": {"path":"/Users/apple/Documents/projects/TESTS/drive-loh/src/middleware/validate.ts","statementMap":{"0":{"start":{"line":2,"column":0},"end":{"line":2,"column":42}},"1":{"start":{"line":4,"column":24},"end":{"line":22,"column":1}},"2":{"start":{"line":5,"column":4},"end":{"line":21,"column":6}},"3":{"start":{"line":6,"column":8},"end":{"line":20,"column":9}},"4":{"start":{"line":7,"column":12},"end":{"line":7,"column":35}},"5":{"start":{"line":8,"column":12},"end":{"line":8,"column":19}},"6":{"start":{"line":10,"column":12},"end":{"line":18,"column":13}},"7":{"start":{"line":11,"column":16},"end":{"line":17,"column":19}},"8":{"start":{"line":13,"column":61},"end":{"line":16,"column":22}},"9":{"start":{"line":19,"column":12},"end":{"line":19,"column":76}},"10":{"start":{"line":4,"column":13},"end":{"line":4,"column":24}}},"fnMap":{"0":{"name":"(anonymous_0)","decl":{"start":{"line":4,"column":24},"end":{"line":4,"column":25}},"loc":{"start":{"line":4,"column":46},"end":{"line":22,"column":1}}},"1":{"name":"(anonymous_1)","decl":{"start":{"line":5,"column":11},"end":{"line":5,"column":12}},"loc":{"start":{"line":5,"column":63},"end":{"line":21,"column":5}}},"2":{"name":"(anonymous_2)","decl":{"start":{"line":13,"column":46},"end":{"line":13,"column":47}},"loc":{"start":{"line":13,"column":61},"end":{"line":16,"column":22}}}},"branchMap":{"0":{"loc":{"start":{"line":10,"column":12},"end":{"line":18,"column":13}},"type":"if","locations":[{"start":{"line":10,"column":12},"end":{"line":18,"column":13}},{"start":{},"end":{}}]}},"s":{"0":1,"1":1,"2":3,"3":8,"4":8,"5":8,"6":0,"7":0,"8":0,"9":0,"10":1},"f":{"0":3,"1":8,"2":0},"b":{"0":[0,0]}}
,"/Users/apple/Documents/projects/TESTS/drive-loh/src/routes/order.routes.ts": {"path":"/Users/apple/Documents/projects/TESTS/drive-loh/src/routes/order.routes.ts","statementMap":{"0":{"start":{"line":1,"column":0},"end":{"line":1,"column":33}},"1":{"start":{"line":2,"column":0},"end":{"line":2,"column":62}},"2":{"start":{"line":3,"column":0},"end":{"line":3,"column":50}},"3":{"start":{"line":4,"column":0},"end":{"line":4,"column":52}},"4":{"start":{"line":6,"column":15},"end":{"line":6,"column":23}},"5":{"start":{"line":55,"column":0},"end":{"line":55,"column":67}},"6":{"start":{"line":57,"column":0},"end":{"line":57,"column":22}}},"fnMap":{},"branchMap":{},"s":{"0":1,"1":1,"2":1,"3":1,"4":1,"5":1,"6":1},"f":{},"b":{}}
,"/Users/apple/Documents/projects/TESTS/drive-loh/src/routes/promotion.routes.ts": {"path":"/Users/apple/Documents/projects/TESTS/drive-loh/src/routes/promotion.routes.ts","statementMap":{"0":{"start":{"line":1,"column":0},"end":{"line":1,"column":33}},"1":{"start":{"line":2,"column":0},"end":{"line":2,"column":119}},"2":{"start":{"line":3,"column":0},"end":{"line":3,"column":50}},"3":{"start":{"line":4,"column":0},"end":{"line":4,"column":56}},"4":{"start":{"line":6,"column":15},"end":{"line":6,"column":23}},"5":{"start":{"line":76,"column":0},"end":{"line":76,"column":61}},"6":{"start":{"line":77,"column":0},"end":{"line":77,"column":31}},"7":{"start":{"line":113,"column":0},"end":{"line":113,"column":36}},"8":{"start":{"line":114,"column":0},"end":{"line":114,"column":39}},"9":{"start":{"line":116,"column":0},"end":{"line":116,"column":22}}},"fnMap":{},"branchMap":{},"s":{"0":1,"1":1,"2":1,"3":1,"4":1,"5":1,"6":1,"7":1,"8":1,"9":1},"f":{},"b":{}}
,"/Users/apple/Documents/projects/TESTS/drive-loh/src/routes/voucher.routes.ts": {"path":"/Users/apple/Documents/projects/TESTS/drive-loh/src/routes/voucher.routes.ts","statementMap":{"0":{"start":{"line":1,"column":0},"end":{"line":1,"column":33}},"1":{"start":{"line":2,"column":0},"end":{"line":2,"column":109}},"2":{"start":{"line":3,"column":0},"end":{"line":3,"column":50}},"3":{"start":{"line":4,"column":0},"end":{"line":4,"column":54}},"4":{"start":{"line":6,"column":15},"end":{"line":6,"column":23}},"5":{"start":{"line":73,"column":0},"end":{"line":73,"column":57}},"6":{"start":{"line":74,"column":0},"end":{"line":74,"column":29}},"7":{"start":{"line":110,"column":0},"end":{"line":110,"column":34}},"8":{"start":{"line":111,"column":0},"end":{"line":111,"column":37}},"9":{"start":{"line":113,"column":0},"end":{"line":113,"column":22}}},"fnMap":{},"branchMap":{},"s":{"0":1,"1":1,"2":1,"3":1,"4":1,"5":1,"6":1,"7":1,"8":1,"9":1},"f":{},"b":{}}
,"/Users/apple/Documents/projects/TESTS/drive-loh/src/services/discount.service.ts": {"path":"/Users/apple/Documents/projects/TESTS/drive-loh/src/services/discount.service.ts","statementMap":{"0":{"start":{"line":1,"column":0},"end":{"line":1,"column":31}},"1":{"start":{"line":3,"column":32},"end":{"line":3,"column":34}},"2":{"start":{"line":5,"column":39},"end":{"line":27,"column":2}},"3":{"start":{"line":5,"column":83},"end":{"line":27,"column":2}},"4":{"start":{"line":6,"column":20},"end":{"line":6,"column":72}},"5":{"start":{"line":7,"column":4},"end":{"line":7,"column":58}},"6":{"start":{"line":7,"column":18},"end":{"line":7,"column":58}},"7":{"start":{"line":9,"column":4},"end":{"line":9,"column":80}},"8":{"start":{"line":9,"column":45},"end":{"line":9,"column":80}},"9":{"start":{"line":10,"column":4},"end":{"line":10,"column":97}},"10":{"start":{"line":10,"column":49},"end":{"line":10,"column":97}},"11":{"start":{"line":11,"column":4},"end":{"line":11,"column":146}},"12":{"start":{"line":11,"column":70},"end":{"line":11,"column":146}},"13":{"start":{"line":13,"column":19},"end":{"line":13,"column":20}},"14":{"start":{"line":14,"column":4},"end":{"line":18,"column":5}},"15":{"start":{"line":15,"column":8},"end":{"line":15,"column":63}},"16":{"start":{"line":17,"column":8},"end":{"line":17,"column":41}},"17":{"start":{"line":21,"column":24},"end":{"line":21,"column":69}},"18":{"start":{"line":22,"column":4},"end":{"line":24,"column":5}},"19":{"start":{"line":23,"column":8},"end":{"line":23,"column":31}},"20":{"start":{"line":26,"column":4},"end":{"line":26,"column":47}},"21":{"start":{"line":5,"column":13},"end":{"line":5,"column":39}},"22":{"start":{"line":29,"column":41},"end":{"line":59,"column":2}},"23":{"start":{"line":29,"column":78},"end":{"line":59,"column":2}},"24":{"start":{"line":30,"column":22},"end":{"line":30,"column":76}},"25":{"start":{"line":31,"column":4},"end":{"line":31,"column":62}},"26":{"start":{"line":31,"column":20},"end":{"line":31,"column":62}},"27":{"start":{"line":33,"column":4},"end":{"line":33,"column":84}},"28":{"start":{"line":33,"column":47},"end":{"line":33,"column":84}},"29":{"start":{"line":34,"column":4},"end":{"line":34,"column":103}},"30":{"start":{"line":34,"column":53},"end":{"line":34,"column":103}},"31":{"start":{"line":36,"column":31},"end":{"line":36,"column":71}},"32":{"start":{"line":37,"column":26},"end":{"line":37,"column":97}},"33":{"start":{"line":37,"column":54},"end":{"line":37,"column":96}},"34":{"start":{"line":39,"column":4},"end":{"line":39,"column":92}},"35":{"start":{"line":39,"column":36},"end":{"line":39,"column":92}},"36":{"start":{"line":41,"column":27},"end":{"line":41,"column":96}},"37":{"start":{"line":41,"column":76},"end":{"line":41,"column":92}},"38":{"start":{"line":43,"column":19},"end":{"line":43,"column":20}},"39":{"start":{"line":44,"column":4},"end":{"line":48,"column":5}},"40":{"start":{"line":45,"column":8},"end":{"line":45,"column":68}},"41":{"start":{"line":47,"column":8},"end":{"line":47,"column":43}},"42":{"start":{"line":53,"column":24},"end":{"line":53,"column":72}},"43":{"start":{"line":54,"column":4},"end":{"line":56,"column":5}},"44":{"start":{"line":55,"column":8},"end":{"line":55,"column":31}},"45":{"start":{"line":58,"column":4},"end":{"line":58,"column":51}},"46":{"start":{"line":29,"column":13},"end":{"line":29,"column":41}}},"fnMap":{"0":{"name":"(anonymous_8)","decl":{"start":{"line":5,"column":39},"end":{"line":5,"column":46}},"loc":{"start":{"line":5,"column":83},"end":{"line":27,"column":2}}},"1":{"name":"(anonymous_9)","decl":{"start":{"line":5,"column":83},"end":{"line":5,"column":null}},"loc":{"start":{"line":5,"column":83},"end":{"line":27,"column":1}}},"2":{"name":"(anonymous_10)","decl":{"start":{"line":29,"column":41},"end":{"line":29,"column":48}},"loc":{"start":{"line":29,"column":78},"end":{"line":59,"column":2}}},"3":{"name":"(anonymous_11)","decl":{"start":{"line":29,"column":78},"end":{"line":29,"column":null}},"loc":{"start":{"line":29,"column":78},"end":{"line":59,"column":1}}},"4":{"name":"(anonymous_12)","decl":{"start":{"line":37,"column":39},"end":{"line":37,"column":40}},"loc":{"start":{"line":37,"column":54},"end":{"line":37,"column":96}}},"5":{"name":"(anonymous_13)","decl":{"start":{"line":41,"column":48},"end":{"line":41,"column":49}},"loc":{"start":{"line":41,"column":76},"end":{"line":41,"column":92}}}},"branchMap":{"0":{"loc":{"start":{"line":7,"column":4},"end":{"line":7,"column":58}},"type":"if","locations":[{"start":{"line":7,"column":4},"end":{"line":7,"column":58}},{"start":{},"end":{}}]},"1":{"loc":{"start":{"line":9,"column":4},"end":{"line":9,"column":80}},"type":"if","locations":[{"start":{"line":9,"column":4},"end":{"line":9,"column":80}},{"start":{},"end":{}}]},"2":{"loc":{"start":{"line":10,"column":4},"end":{"line":10,"column":97}},"type":"if","locations":[{"start":{"line":10,"column":4},"end":{"line":10,"column":97}},{"start":{},"end":{}}]},"3":{"loc":{"start":{"line":11,"column":4},"end":{"line":11,"column":146}},"type":"if","locations":[{"start":{"line":11,"column":4},"end":{"line":11,"column":146}},{"start":{},"end":{}}]},"4":{"loc":{"start":{"line":11,"column":8},"end":{"line":11,"column":68}},"type":"binary-expr","locations":[{"start":{"line":11,"column":8},"end":{"line":11,"column":29}},{"start":{"line":11,"column":33},"end":{"line":11,"column":68}}]},"5":{"loc":{"start":{"line":14,"column":4},"end":{"line":18,"column":5}},"type":"if","locations":[{"start":{"line":14,"column":4},"end":{"line":18,"column":5}},{"start":{"line":16,"column":11},"end":{"line":18,"column":5}}]},"6":{"loc":{"start":{"line":22,"column":4},"end":{"line":24,"column":5}},"type":"if","locations":[{"start":{"line":22,"column":4},"end":{"line":24,"column":5}},{"start":{},"end":{}}]},"7":{"loc":{"start":{"line":31,"column":4},"end":{"line":31,"column":62}},"type":"if","locations":[{"start":{"line":31,"column":4},"end":{"line":31,"column":62}},{"start":{},"end":{}}]},"8":{"loc":{"start":{"line":33,"column":4},"end":{"line":33,"column":84}},"type":"if","locations":[{"start":{"line":33,"column":4},"end":{"line":33,"column":84}},{"start":{},"end":{}}]},"9":{"loc":{"start":{"line":34,"column":4},"end":{"line":34,"column":103}},"type":"if","locations":[{"start":{"line":34,"column":4},"end":{"line":34,"column":103}},{"start":{},"end":{}}]},"10":{"loc":{"start":{"line":39,"column":4},"end":{"line":39,"column":92}},"type":"if","locations":[{"start":{"line":39,"column":4},"end":{"line":39,"column":92}},{"start":{},"end":{}}]},"11":{"loc":{"start":{"line":44,"column":4},"end":{"line":48,"column":5}},"type":"if","locations":[{"start":{"line":44,"column":4},"end":{"line":48,"column":5}},{"start":{"line":46,"column":11},"end":{"line":48,"column":5}}]},"12":{"loc":{"start":{"line":54,"column":4},"end":{"line":56,"column":5}},"type":"if","locations":[{"start":{"line":54,"column":4},"end":{"line":56,"column":5}},{"start":{},"end":{}}]}},"s":{"0":1,"1":1,"2":1,"3":2,"4":2,"5":2,"6":0,"7":2,"8":0,"9":2,"10":0,"11":2,"12":1,"13":1,"14":1,"15":1,"16":0,"17":1,"18":1,"19":0,"20":1,"21":1,"22":1,"23":0,"24":0,"25":0,"26":0,"27":0,"28":0,"29":0,"30":0,"31":0,"32":0,"33":0,"34":0,"35":0,"36":0,"37":0,"38":0,"39":0,"40":0,"41":0,"42":0,"43":0,"44":0,"45":0,"46":1},"f":{"0":2,"1":2,"2":0,"3":0,"4":0,"5":0},"b":{"0":[0,2],"1":[0,2],"2":[0,2],"3":[1,1],"4":[2,2],"5":[1,0],"6":[0,1],"7":[0,0],"8":[0,0],"9":[0,0],"10":[0,0],"11":[0,0],"12":[0,0]}}
,"/Users/apple/Documents/projects/TESTS/drive-loh/src/validators/schemas.ts": {"path":"/Users/apple/Documents/projects/TESTS/drive-loh/src/validators/schemas.ts","statementMap":{"0":{"start":{"line":1,"column":0},"end":{"line":1,"column":24}},"1":{"start":{"line":3,"column":13},"end":{"line":12,"column":3}},"2":{"start":{"line":7,"column":48},"end":{"line":7,"column":72}},"3":{"start":{"line":14,"column":13},"end":{"line":23,"column":3}},"4":{"start":{"line":18,"column":48},"end":{"line":18,"column":72}},"5":{"start":{"line":25,"column":13},"end":{"line":35,"column":3}}},"fnMap":{"0":{"name":"(anonymous_0)","decl":{"start":{"line":7,"column":38},"end":{"line":7,"column":39}},"loc":{"start":{"line":7,"column":48},"end":{"line":7,"column":72}}},"1":{"name":"(anonymous_1)","decl":{"start":{"line":18,"column":38},"end":{"line":18,"column":39}},"loc":{"start":{"line":18,"column":48},"end":{"line":18,"column":72}}}},"branchMap":{},"s":{"0":1,"1":1,"2":4,"3":1,"4":1,"5":1},"f":{"0":4,"1":1},"b":{}}
}
