TN:
SF:src/app.ts
FN:37,(anonymous_1)
FN:46,(anonymous_2)
FN:54,(anonymous_3)
FNF:3
FNH:3
FNDA:1,(anonymous_1)
FNDA:1,(anonymous_2)
FNDA:1,(anonymous_3)
DA:1,1
DA:2,1
DA:3,1
DA:4,1
DA:5,1
DA:6,1
DA:7,1
DA:9,1
DA:11,1
DA:13,1
DA:14,1
DA:17,1
DA:24,1
DA:25,1
DA:26,1
DA:29,1
DA:32,1
DA:33,1
DA:34,1
DA:37,1
DA:38,1
DA:46,1
DA:47,1
DA:54,1
DA:55,1
DA:56,1
DA:59,1
LF:27
LH:27
BRDA:14,0,0,1
BRDA:14,0,1,0
BRDA:42,1,0,1
BRDA:42,1,1,0
BRF:4
BRH:2
end_of_record
TN:
SF:src/prisma.ts
FNF:0
FNH:0
DA:1,1
DA:3,1
DA:5,1
LF:3
LH:3
BRF:0
BRH:0
end_of_record
TN:
SF:src/swagger.ts
FN:89,(anonymous_1)
FN:91,(anonymous_2)
FNF:2
FNH:1
FNDA:1,(anonymous_1)
FNDA:0,(anonymous_2)
DA:1,1
DA:2,1
DA:5,1
DA:87,1
DA:89,1
DA:90,1
DA:91,1
DA:92,0
DA:93,0
LF:9
LH:7
BRF:0
BRH:0
end_of_record
TN:
SF:src/controllers/order.controller.ts
FN:5,(anonymous_8)
FN:5,(anonymous_9)
FN:14,(anonymous_10)
FNF:3
FNH:3
FNDA:3,(anonymous_8)
FNDA:3,(anonymous_9)
FNDA:3,(anonymous_10)
DA:2,1
DA:3,1
DA:5,3
DA:6,3
DA:7,3
DA:10,3
DA:11,0
DA:14,3
DA:15,3
DA:16,3
DA:17,3
DA:18,3
DA:20,3
DA:21,1
DA:24,2
DA:25,2
DA:26,1
DA:27,1
DA:28,0
DA:29,0
DA:30,0
DA:31,0
DA:34,1
DA:35,1
DA:38,1
DA:50,1
DA:51,1
DA:53,1
DA:54,0
DA:57,1
DA:60,1
LF:31
LH:25
BRDA:10,0,0,0
BRDA:10,0,1,3
BRDA:10,1,0,3
BRDA:10,1,1,3
BRDA:10,1,2,3
BRDA:20,2,0,1
BRDA:20,2,1,2
BRDA:20,3,0,3
BRDA:20,3,1,3
BRDA:24,4,0,2
BRDA:24,4,1,0
BRDA:28,5,0,0
BRDA:28,5,1,0
BRDA:35,6,0,0
BRDA:35,6,1,1
BRDA:50,7,0,1
BRDA:50,7,1,0
BRDA:53,8,0,0
BRDA:53,8,1,1
BRF:19
BRH:12
end_of_record
TN:
SF:src/controllers/promotion.controller.ts
FN:5,(anonymous_8)
FN:5,(anonymous_9)
FN:28,(anonymous_10)
FN:28,(anonymous_11)
FN:31,(anonymous_12)
FN:41,(anonymous_13)
FN:41,(anonymous_14)
FN:61,(anonymous_15)
FN:61,(anonymous_16)
FNF:9
FNH:5
FNDA:1,(anonymous_8)
FNDA:1,(anonymous_9)
FNDA:1,(anonymous_10)
FNDA:1,(anonymous_11)
FNDA:3,(anonymous_12)
FNDA:0,(anonymous_13)
FNDA:0,(anonymous_14)
FNDA:0,(anonymous_15)
FNDA:0,(anonymous_16)
DA:2,1
DA:5,1
DA:6,1
DA:7,1
DA:9,1
DA:19,1
DA:21,0
DA:22,0
DA:24,0
DA:28,1
DA:29,1
DA:30,1
DA:31,3
DA:35,1
DA:37,0
DA:41,1
DA:42,0
DA:43,0
DA:44,0
DA:45,0
DA:46,0
DA:48,0
DA:49,0
DA:51,0
DA:55,0
DA:57,0
DA:61,1
DA:62,0
DA:63,0
DA:64,0
DA:67,0
DA:69,0
LF:32
LH:13
BRDA:21,0,0,0
BRDA:21,0,1,0
BRDA:45,1,0,0
BRDA:45,1,1,0
BRDA:48,2,0,0
BRDA:48,2,1,0
BRF:6
BRH:0
end_of_record
TN:
SF:src/controllers/voucher.controller.ts
FN:4,(anonymous_8)
FN:4,(anonymous_9)
FN:26,(anonymous_10)
FN:26,(anonymous_11)
FN:35,(anonymous_12)
FN:35,(anonymous_13)
FN:52,(anonymous_14)
FN:52,(anonymous_15)
FNF:8
FNH:4
FNDA:4,(anonymous_8)
FNDA:4,(anonymous_9)
FNDA:1,(anonymous_10)
FNDA:1,(anonymous_11)
FNDA:0,(anonymous_12)
FNDA:0,(anonymous_13)
FNDA:0,(anonymous_14)
FNDA:0,(anonymous_15)
DA:2,1
DA:4,4
DA:5,4
DA:6,4
DA:7,4
DA:17,2
DA:19,2
DA:20,2
DA:22,0
DA:26,1
DA:27,1
DA:28,1
DA:29,1
DA:31,0
DA:35,1
DA:36,0
DA:37,0
DA:38,0
DA:39,0
DA:40,0
DA:42,0
DA:46,0
DA:48,0
DA:52,1
DA:53,0
DA:54,0
DA:55,0
DA:58,0
DA:60,0
LF:29
LH:14
BRDA:19,0,0,2
BRDA:19,0,1,0
BRDA:39,1,0,0
BRDA:39,1,1,0
BRF:4
BRH:1
end_of_record
TN:
SF:src/middleware/validate.ts
FN:4,(anonymous_0)
FN:5,(anonymous_1)
FN:13,(anonymous_2)
FNF:3
FNH:2
FNDA:3,(anonymous_0)
FNDA:8,(anonymous_1)
FNDA:0,(anonymous_2)
DA:2,1
DA:4,1
DA:5,3
DA:6,8
DA:7,8
DA:8,8
DA:10,0
DA:11,0
DA:13,0
DA:19,0
LF:10
LH:6
BRDA:10,0,0,0
BRDA:10,0,1,0
BRF:2
BRH:0
end_of_record
TN:
SF:src/routes/order.routes.ts
FNF:0
FNH:0
DA:1,1
DA:2,1
DA:3,1
DA:4,1
DA:6,1
DA:55,1
DA:57,1
LF:7
LH:7
BRF:0
BRH:0
end_of_record
TN:
SF:src/routes/promotion.routes.ts
FNF:0
FNH:0
DA:1,1
DA:2,1
DA:3,1
DA:4,1
DA:6,1
DA:76,1
DA:77,1
DA:113,1
DA:114,1
DA:116,1
LF:10
LH:10
BRF:0
BRH:0
end_of_record
TN:
SF:src/routes/voucher.routes.ts
FNF:0
FNH:0
DA:1,1
DA:2,1
DA:3,1
DA:4,1
DA:6,1
DA:73,1
DA:74,1
DA:110,1
DA:111,1
DA:113,1
LF:10
LH:10
BRF:0
BRH:0
end_of_record
TN:
SF:src/services/discount.service.ts
FN:5,(anonymous_8)
FN:5,(anonymous_9)
FN:29,(anonymous_10)
FN:29,(anonymous_11)
FN:37,(anonymous_12)
FN:41,(anonymous_13)
FNF:6
FNH:2
FNDA:2,(anonymous_8)
FNDA:2,(anonymous_9)
FNDA:0,(anonymous_10)
FNDA:0,(anonymous_11)
FNDA:0,(anonymous_12)
FNDA:0,(anonymous_13)
DA:1,1
DA:3,1
DA:5,2
DA:6,2
DA:7,2
DA:9,2
DA:10,2
DA:11,2
DA:13,1
DA:14,1
DA:15,1
DA:17,0
DA:21,1
DA:22,1
DA:23,0
DA:26,1
DA:29,1
DA:30,0
DA:31,0
DA:33,0
DA:34,0
DA:36,0
DA:37,0
DA:39,0
DA:41,0
DA:43,0
DA:44,0
DA:45,0
DA:47,0
DA:53,0
DA:54,0
DA:55,0
DA:58,0
LF:33
LH:15
BRDA:7,0,0,0
BRDA:7,0,1,2
BRDA:9,1,0,0
BRDA:9,1,1,2
BRDA:10,2,0,0
BRDA:10,2,1,2
BRDA:11,3,0,1
BRDA:11,3,1,1
BRDA:11,4,0,2
BRDA:11,4,1,2
BRDA:14,5,0,1
BRDA:14,5,1,0
BRDA:22,6,0,0
BRDA:22,6,1,1
BRDA:31,7,0,0
BRDA:31,7,1,0
BRDA:33,8,0,0
BRDA:33,8,1,0
BRDA:34,9,0,0
BRDA:34,9,1,0
BRDA:39,10,0,0
BRDA:39,10,1,0
BRDA:44,11,0,0
BRDA:44,11,1,0
BRDA:54,12,0,0
BRDA:54,12,1,0
BRF:26
BRH:9
end_of_record
TN:
SF:src/validators/schemas.ts
FN:7,(anonymous_0)
FN:18,(anonymous_1)
FNF:2
FNH:2
FNDA:4,(anonymous_0)
FNDA:1,(anonymous_1)
DA:1,1
DA:3,1
DA:7,4
DA:14,1
DA:18,1
DA:25,1
LF:6
LH:6
BRF:0
BRH:0
end_of_record
